<?xml version="1.0" encoding="UTF-8"?>
<robot generator="Robot 5.0.1 (Python 3.10.7 on win32)" generated="20221023 23:33:03.915" rpa="false" schemaversion="3">
<suite id="s1" name="cadastroAnimalSemStatus" source="C:\xampp\htdocs\ShelterMe\robot\cadastroAnimalSemStatus.robot">
<test id="s1-t1" name="Animal Cadastrado" line="8">
<kw name="Inicia sessão" library="baseCadastroAnimal" type="SETUP">
<kw name="Open Browser" library="SeleniumLibrary">
<arg>${url}</arg>
<arg>chrome</arg>
<doc>Opens a new browser instance to the optional ``url``.</doc>
<msg timestamp="20221023 23:33:04.103" level="INFO">Opening browser 'chrome' to base url 'http://localhost/ShelterMe/php/loginUsuario.php'.</msg>
<status status="PASS" starttime="20221023 23:33:04.103" endtime="20221023 23:33:05.138"/>
</kw>
<status status="PASS" starttime="20221023 23:33:04.102" endtime="20221023 23:33:05.138"/>
</kw>
<kw name="Go To" library="SeleniumLibrary">
<arg>${url}</arg>
<doc>Navigates the current browser window to the provided ``url``.</doc>
<msg timestamp="20221023 23:33:05.139" level="INFO">Opening url 'http://localhost/ShelterMe/php/loginUsuario.php'</msg>
<status status="PASS" starttime="20221023 23:33:05.139" endtime="20221023 23:33:05.159"/>
</kw>
<kw name="Preencher Login">
<arg>paulinho200</arg>
<arg>paulinho@bol.com.br</arg>
<arg>Paulo20</arg>
<kw name="Input Text" library="SeleniumLibrary">
<arg>css:input[name=nome]</arg>
<arg>${uname}</arg>
<doc>Types the given ``text`` into the text field identified by ``locator``.</doc>
<msg timestamp="20221023 23:33:05.160" level="INFO">Typing text 'paulinho200' into text field 'css:input[name=nome]'.</msg>
<status status="PASS" starttime="20221023 23:33:05.159" endtime="20221023 23:33:05.258"/>
</kw>
<kw name="Input Text" library="SeleniumLibrary">
<arg>css:input[name=email]</arg>
<arg>${email}</arg>
<doc>Types the given ``text`` into the text field identified by ``locator``.</doc>
<msg timestamp="20221023 23:33:05.259" level="INFO">Typing text 'paulinho@bol.com.br' into text field 'css:input[name=email]'.</msg>
<status status="PASS" starttime="20221023 23:33:05.259" endtime="20221023 23:33:05.322"/>
</kw>
<kw name="Input Text" library="SeleniumLibrary">
<arg>css:input[name=senha]</arg>
<arg>${pass}</arg>
<doc>Types the given ``text`` into the text field identified by ``locator``.</doc>
<msg timestamp="20221023 23:33:05.323" level="INFO">Typing text 'Paulo20' into text field 'css:input[name=senha]'.</msg>
<status status="PASS" starttime="20221023 23:33:05.323" endtime="20221023 23:33:05.377"/>
</kw>
<kw name="Click Element" library="SeleniumLibrary">
<arg>css:button[name=Entrar]</arg>
<doc>Click the element identified by ``locator``.</doc>
<msg timestamp="20221023 23:33:05.377" level="INFO">Clicking element 'css:button[name=Entrar]'.</msg>
<status status="PASS" starttime="20221023 23:33:05.377" endtime="20221023 23:33:05.485"/>
</kw>
<status status="PASS" starttime="20221023 23:33:05.159" endtime="20221023 23:33:05.486"/>
</kw>
<kw name="Pagina Principal">
<kw name="Page Should Contain" library="SeleniumLibrary">
<arg>Cor publicação</arg>
<doc>Verifies that current page contains ``text``.</doc>
<msg timestamp="20221023 23:33:05.496" level="INFO">Current page contains text 'Cor publicação'.</msg>
<status status="PASS" starttime="20221023 23:33:05.486" endtime="20221023 23:33:05.496"/>
</kw>
<status status="PASS" starttime="20221023 23:33:05.486" endtime="20221023 23:33:05.496"/>
</kw>
<kw name="Entrar Pagina do Animal">
<kw name="Click Element" library="SeleniumLibrary">
<arg>xpath=//img[contains(@src, 'PataIcone.png')]</arg>
<doc>Click the element identified by ``locator``.</doc>
<msg timestamp="20221023 23:33:05.497" level="INFO">Clicking element 'xpath=//img[contains(@src, 'PataIcone.png')]'.</msg>
<status status="PASS" starttime="20221023 23:33:05.497" endtime="20221023 23:33:05.533"/>
</kw>
<kw name="Wait Until Element Is Visible" library="SeleniumLibrary">
<arg>class:liCadastrar</arg>
<doc>Waits until the element ``locator`` is visible.</doc>
<status status="PASS" starttime="20221023 23:33:05.534" endtime="20221023 23:33:05.556"/>
</kw>
<kw name="Click Element" library="SeleniumLibrary">
<arg>xpath=//*[contains(text(), "Cadastrar Novo Animal")]</arg>
<doc>Click the element identified by ``locator``.</doc>
<msg timestamp="20221023 23:33:05.556" level="INFO">Clicking element 'xpath=//*[contains(text(), "Cadastrar Novo Animal")]'.</msg>
<status status="PASS" starttime="20221023 23:33:05.556" endtime="20221023 23:33:05.626"/>
</kw>
<status status="PASS" starttime="20221023 23:33:05.496" endtime="20221023 23:33:05.626"/>
</kw>
<kw name="Preencher Dados do Animal">
<arg>Polentinha</arg>
<arg>Cego de um olho</arg>
<arg>5 Kgs</arg>
<arg>Parana</arg>
<arg>2017-07-30</arg>
<arg>2022-08-23</arg>
<arg>Colombo</arg>
<arg>Rua Sarampo, 700</arg>
<kw name="Input Text" library="SeleniumLibrary">
<arg>css:input[name=campoNome]</arg>
<arg>${nomeanm}</arg>
<doc>Types the given ``text`` into the text field identified by ``locator``.</doc>
<msg timestamp="20221023 23:33:05.627" level="INFO">Typing text 'Polentinha' into text field 'css:input[name=campoNome]'.</msg>
<status status="PASS" starttime="20221023 23:33:05.627" endtime="20221023 23:33:05.687"/>
</kw>
<kw name="Input Text" library="SeleniumLibrary">
<arg>css:input[name=campoEspcs]</arg>
<arg>${esp}</arg>
<doc>Types the given ``text`` into the text field identified by ``locator``.</doc>
<msg timestamp="20221023 23:33:05.687" level="INFO">Typing text 'Cego de um olho' into text field 'css:input[name=campoEspcs]'.</msg>
<status status="PASS" starttime="20221023 23:33:05.687" endtime="20221023 23:33:05.743"/>
</kw>
<kw name="Input Text" library="SeleniumLibrary">
<arg>css:input[name=campoPeso]</arg>
<arg>${peso}</arg>
<doc>Types the given ``text`` into the text field identified by ``locator``.</doc>
<msg timestamp="20221023 23:33:05.743" level="INFO">Typing text '5 Kgs' into text field 'css:input[name=campoPeso]'.</msg>
<status status="PASS" starttime="20221023 23:33:05.743" endtime="20221023 23:33:05.794"/>
</kw>
<kw name="Input Text" library="SeleniumLibrary">
<arg>css:input[name=campoEstado]</arg>
<arg>${estado}</arg>
<doc>Types the given ``text`` into the text field identified by ``locator``.</doc>
<msg timestamp="20221023 23:33:05.795" level="INFO">Typing text 'Parana' into text field 'css:input[name=campoEstado]'.</msg>
<status status="PASS" starttime="20221023 23:33:05.795" endtime="20221023 23:33:05.845"/>
</kw>
<kw name="Input Text" library="SeleniumLibrary">
<arg>css:input[name=campoDataNasc]</arg>
<arg>${datanasc}</arg>
<doc>Types the given ``text`` into the text field identified by ``locator``.</doc>
<msg timestamp="20221023 23:33:05.846" level="INFO">Typing text '2017-07-30' into text field 'css:input[name=campoDataNasc]'.</msg>
<status status="PASS" starttime="20221023 23:33:05.845" endtime="20221023 23:33:05.899"/>
</kw>
<kw name="Input Text" library="SeleniumLibrary">
<arg>css:input[name=campoDataStatus]</arg>
<arg>${datastatus}</arg>
<doc>Types the given ``text`` into the text field identified by ``locator``.</doc>
<msg timestamp="20221023 23:33:05.900" level="INFO">Typing text '2022-08-23' into text field 'css:input[name=campoDataStatus]'.</msg>
<status status="PASS" starttime="20221023 23:33:05.899" endtime="20221023 23:33:05.957"/>
</kw>
<kw name="Input Text" library="SeleniumLibrary">
<arg>css:input[name=campoCidade]</arg>
<arg>${cidade}</arg>
<doc>Types the given ``text`` into the text field identified by ``locator``.</doc>
<msg timestamp="20221023 23:33:05.957" level="INFO">Typing text 'Colombo' into text field 'css:input[name=campoCidade]'.</msg>
<status status="PASS" starttime="20221023 23:33:05.957" endtime="20221023 23:33:06.010"/>
</kw>
<kw name="Input Text" library="SeleniumLibrary">
<arg>css:input[name=campoEndereco]</arg>
<arg>${endereco}</arg>
<doc>Types the given ``text`` into the text field identified by ``locator``.</doc>
<msg timestamp="20221023 23:33:06.011" level="INFO">Typing text 'Rua Sarampo, 700' into text field 'css:input[name=campoEndereco]'.</msg>
<status status="PASS" starttime="20221023 23:33:06.010" endtime="20221023 23:33:06.065"/>
</kw>
<kw name="Click Element" library="SeleniumLibrary">
<arg>//option[@value="Cachorro"]</arg>
<doc>Click the element identified by ``locator``.</doc>
<msg timestamp="20221023 23:33:06.065" level="INFO">Clicking element '//option[@value="Cachorro"]'.</msg>
<status status="PASS" starttime="20221023 23:33:06.065" endtime="20221023 23:33:06.085"/>
</kw>
<kw name="Click Element" library="SeleniumLibrary">
<arg>//option[@value="Macho"]</arg>
<doc>Click the element identified by ``locator``.</doc>
<msg timestamp="20221023 23:33:06.086" level="INFO">Clicking element '//option[@value="Macho"]'.</msg>
<status status="PASS" starttime="20221023 23:33:06.085" endtime="20221023 23:33:06.105"/>
</kw>
<kw name="Click Element" library="SeleniumLibrary">
<arg>css:button[name=Enviar]</arg>
<doc>Click the element identified by ``locator``.</doc>
<msg timestamp="20221023 23:33:06.105" level="INFO">Clicking element 'css:button[name=Enviar]'.</msg>
<status status="PASS" starttime="20221023 23:33:06.105" endtime="20221023 23:33:06.144"/>
</kw>
<status status="PASS" starttime="20221023 23:33:05.627" endtime="20221023 23:33:06.145"/>
</kw>
<kw name="Mensagem alerta">
<kw name="Page Should Not Contain Element" library="SeleniumLibrary">
<arg>//label[@name="selectStatus"][required]</arg>
<doc>Verifies that element ``locator`` is not found on the current page.</doc>
<msg timestamp="20221023 23:33:06.153" level="INFO">Current page does not contain element '//label[@name="selectStatus"][required]'.</msg>
<status status="PASS" starttime="20221023 23:33:06.145" endtime="20221023 23:33:06.153"/>
</kw>
<status status="PASS" starttime="20221023 23:33:06.145" endtime="20221023 23:33:06.153"/>
</kw>
<kw name="Encerra sessão" library="baseCadastroAnimal" type="TEARDOWN">
<kw name="Capture Page Screenshot" library="SeleniumLibrary">
<doc>Takes a screenshot of the current page and embeds it into a log file.</doc>
<msg timestamp="20221023 23:33:06.490" level="INFO" html="true">&lt;/td&gt;&lt;/tr&gt;&lt;tr&gt;&lt;td colspan="3"&gt;&lt;a href="selenium-screenshot-8.png"&gt;&lt;img src="selenium-screenshot-8.png" width="800px"&gt;&lt;/a&gt;</msg>
<status status="PASS" starttime="20221023 23:33:06.154" endtime="20221023 23:33:06.490"/>
</kw>
<kw name="Close Browser" library="SeleniumLibrary">
<doc>Closes the current browser.</doc>
<status status="PASS" starttime="20221023 23:33:06.490" endtime="20221023 23:33:08.542"/>
</kw>
<status status="PASS" starttime="20221023 23:33:06.154" endtime="20221023 23:33:08.542"/>
</kw>
<tag>animal_sem_status</tag>
<status status="PASS" starttime="20221023 23:33:04.102" endtime="20221023 23:33:08.542"/>
</test>
<status status="PASS" starttime="20221023 23:33:03.917" endtime="20221023 23:33:08.544"/>
</suite>
<statistics>
<total>
<stat pass="1" fail="0" skip="0">All Tests</stat>
</total>
<tag>
<stat pass="1" fail="0" skip="0">animal_sem_status</stat>
</tag>
<suite>
<stat pass="1" fail="0" skip="0" id="s1" name="cadastroAnimalSemStatus">cadastroAnimalSemStatus</stat>
</suite>
</statistics>
<errors>
</errors>
</robot>
